Base path: C:/Program Files/Unity/Editor/Data
Cmd: getPlatforms
Cmd: compileSnippet
  api=0 type=0 insize=970 outsize=13108 kw=DIRECTIONAL SHADOWS_SCREEN LIGHTMAP_OFF DIRLIGHTMAP_OFF DYNAMICLIGHTMAP_OFF VERTEXLIGHT_ON pd=UNITY_ENABLE_REFLECTION_BUFFERS UNITY_PBS_USE_BRDF1 UNITY_SPECCUBE_BOX_PROJECTION UNITY_SPECCUBE_BLENDING SHADER_API_DESKTOP ok=1
Cmd: compileSnippet
  api=0 type=1 insize=970 outsize=0 kw=DIRECTIONAL SHADOWS_SCREEN LIGHTMAP_OFF DIRLIGHTMAP_OFF DYNAMICLIGHTMAP_OFF pd=UNITY_ENABLE_REFLECTION_BUFFERS UNITY_PBS_USE_BRDF1 UNITY_SPECCUBE_BOX_PROJECTION UNITY_SPECCUBE_BLENDING SHADER_API_DESKTOP ok=1
Cmd: compileSnippet
  api=0 type=0 insize=927 outsize=6785 kw=POINT_COOKIE SHADOWS_OFF pd=UNITY_ENABLE_REFLECTION_BUFFERS UNITY_PBS_USE_BRDF1 UNITY_SPECCUBE_BOX_PROJECTION UNITY_SPECCUBE_BLENDING SHADER_API_DESKTOP ok=1
Cmd: compileSnippet
  api=0 type=0 insize=927 outsize=7247 kw=SPOT SHADOWS_DEPTH SHADOWS_NATIVE pd=UNITY_ENABLE_REFLECTION_BUFFERS UNITY_PBS_USE_BRDF1 UNITY_SPECCUBE_BOX_PROJECTION UNITY_SPECCUBE_BLENDING SHADER_API_DESKTOP ok=1
Cmd: compileSnippet
  api=0 type=0 insize=927 outsize=7428 kw=POINT SHADOWS_CUBE pd=UNITY_ENABLE_REFLECTION_BUFFERS UNITY_PBS_USE_BRDF1 UNITY_SPECCUBE_BOX_PROJECTION UNITY_SPECCUBE_BLENDING SHADER_API_DESKTOP ok=1
Cmd: compileSnippet
  api=0 type=0 insize=927 outsize=8498 kw=POINT_COOKIE SHADOWS_CUBE SHADOWS_SOFT pd=UNITY_ENABLE_REFLECTION_BUFFERS UNITY_PBS_USE_BRDF1 UNITY_SPECCUBE_BOX_PROJECTION UNITY_SPECCUBE_BLENDING SHADER_API_DESKTOP ok=1
Cmd: compileSnippet
  api=0 type=1 insize=927 outsize=0 kw=SPOT SHADOWS_DEPTH SHADOWS_NATIVE pd=UNITY_ENABLE_REFLECTION_BUFFERS UNITY_PBS_USE_BRDF1 UNITY_SPECCUBE_BOX_PROJECTION UNITY_SPECCUBE_BLENDING SHADER_API_DESKTOP ok=1
Cmd: compileSnippet
  api=0 type=0 insize=751 outsize=553 kw=SHADOWS_CUBE pd=UNITY_ENABLE_REFLECTION_BUFFERS UNITY_PBS_USE_BRDF1 UNITY_SPECCUBE_BOX_PROJECTION UNITY_SPECCUBE_BLENDING SHADER_API_DESKTOP ok=1
Cmd: compileSnippet
  api=0 type=0 insize=1152 outsize=4949 kw=LIGHTMAP_OFF DIRLIGHTMAP_OFF DYNAMICLIGHTMAP_OFF UNITY_HDR_ON pd=UNITY_ENABLE_REFLECTION_BUFFERS UNITY_PBS_USE_BRDF1 UNITY_SPECCUBE_BOX_PROJECTION UNITY_SPECCUBE_BLENDING SHADER_API_DESKTOP ok=1
Cmd: compileSnippet
  api=0 type=0 insize=1152 outsize=5980 kw=LIGHTMAP_OFF DIRLIGHTMAP_SEPARATE DYNAMICLIGHTMAP_OFF UNITY_HDR_ON pd=UNITY_ENABLE_REFLECTION_BUFFERS UNITY_PBS_USE_BRDF1 UNITY_SPECCUBE_BOX_PROJECTION UNITY_SPECCUBE_BLENDING SHADER_API_DESKTOP ok=1
Cmd: compileSnippet
  api=0 type=0 insize=877 outsize=7329 kw=DIRECTIONAL SHADOWS_SCREEN LIGHTMAP_OFF DIRLIGHTMAP_OFF DYNAMICLIGHTMAP_OFF VERTEXLIGHT_ON pd=UNITY_ENABLE_REFLECTION_BUFFERS UNITY_PBS_USE_BRDF1 UNITY_SPECCUBE_BOX_PROJECTION UNITY_SPECCUBE_BLENDING SHADER_API_DESKTOP ok=1
Cmd: compileSnippet
  api=0 type=0 insize=808 outsize=4967 kw=POINT_COOKIE SHADOWS_OFF pd=UNITY_ENABLE_REFLECTION_BUFFERS UNITY_PBS_USE_BRDF1 UNITY_SPECCUBE_BOX_PROJECTION UNITY_SPECCUBE_BLENDING SHADER_API_DESKTOP ok=1
Cmd: compileSnippet
  api=0 type=0 insize=808 outsize=5029 kw=DIRECTIONAL SHADOWS_SCREEN pd=UNITY_ENABLE_REFLECTION_BUFFERS UNITY_PBS_USE_BRDF1 UNITY_SPECCUBE_BOX_PROJECTION UNITY_SPECCUBE_BLENDING SHADER_API_DESKTOP ok=1
Cmd: compileSnippet
  api=0 type=0 insize=808 outsize=5766 kw=POINT_COOKIE SHADOWS_CUBE pd=UNITY_ENABLE_REFLECTION_BUFFERS UNITY_PBS_USE_BRDF1 UNITY_SPECCUBE_BOX_PROJECTION UNITY_SPECCUBE_BLENDING SHADER_API_DESKTOP ok=1
Cmd: compileSnippet
  api=0 type=1 insize=808 outsize=0 kw=POINT_COOKIE SHADOWS_OFF pd=UNITY_ENABLE_REFLECTION_BUFFERS UNITY_PBS_USE_BRDF1 UNITY_SPECCUBE_BOX_PROJECTION UNITY_SPECCUBE_BLENDING SHADER_API_DESKTOP ok=1
Cmd: compileSnippet
  api=0 type=1 insize=808 outsize=0 kw=DIRECTIONAL_COOKIE SHADOWS_SCREEN pd=UNITY_ENABLE_REFLECTION_BUFFERS UNITY_PBS_USE_BRDF1 UNITY_SPECCUBE_BOX_PROJECTION UNITY_SPECCUBE_BLENDING SHADER_API_DESKTOP ok=1
Cmd: compileSnippet
  api=1 type=0 insize=14148 outsize=628 kw=DIRECTIONAL LIGHTMAP_OFF DIRLIGHTMAP_OFF DYNAMICLIGHTMAP_OFF pd=UNITY_ENABLE_REFLECTION_BUFFERS UNITY_PBS_USE_BRDF1 UNITY_SPECCUBE_BOX_PROJECTION UNITY_SPECCUBE_BLENDING ok=1
Cmd: compileSnippet
  api=0 type=0 insize=14148 outsize=2058 kw=DIRECTIONAL LIGHTMAP_OFF DIRLIGHTMAP_OFF DYNAMICLIGHTMAP_OFF UNITY_UI_ALPHACLIP pd=UNITY_ENABLE_REFLECTION_BUFFERS UNITY_PBS_USE_BRDF1 UNITY_SPECCUBE_BOX_PROJECTION UNITY_SPECCUBE_BLENDING SHADER_API_DESKTOP ok=1
Cmd: compileSnippet
  api=1 type=1 insize=14148 outsize=668 kw=DIRECTIONAL LIGHTMAP_OFF DIRLIGHTMAP_OFF DYNAMICLIGHTMAP_OFF pd=UNITY_ENABLE_REFLECTION_BUFFERS UNITY_PBS_USE_BRDF1 UNITY_SPECCUBE_BOX_PROJECTION UNITY_SPECCUBE_BLENDING ok=1
Cmd: compileSnippet
  api=4 type=1 insize=14148 outsize=1013 kw=DIRECTIONAL LIGHTMAP_OFF DIRLIGHTMAP_OFF DYNAMICLIGHTMAP_OFF UNITY_UI_ALPHACLIP pd=UNITY_ENABLE_REFLECTION_BUFFERS UNITY_PBS_USE_BRDF1 UNITY_SPECCUBE_BOX_PROJECTION UNITY_SPECCUBE_BLENDING ok=1
Cmd: compileSnippet
  api=8 type=0 insize=10395 outsize=2017 kw=POINT pd=UNITY_NO_LINEAR_COLORSPACE UNITY_ENABLE_REFLECTION_BUFFERS UNITY_PBS_USE_BRDF3 ok=1
Cmd: compileSnippet
  api=4 type=0 insize=10395 outsize=1409 kw=DIRECTIONAL pd=UNITY_ENABLE_REFLECTION_BUFFERS UNITY_PBS_USE_BRDF1 UNITY_SPECCUBE_BOX_PROJECTION UNITY_SPECCUBE_BLENDING ok=1
Cmd: compileSnippet
  api=1 type=0 insize=10395 outsize=628 kw=SPOT pd=UNITY_ENABLE_REFLECTION_BUFFERS UNITY_PBS_USE_BRDF1 UNITY_SPECCUBE_BOX_PROJECTION UNITY_SPECCUBE_BLENDING ok=1
Cmd: compileSnippet
  api=4 type=0 insize=10395 outsize=1409 kw=SPOT pd=UNITY_ENABLE_REFLECTION_BUFFERS UNITY_PBS_USE_BRDF1 UNITY_SPECCUBE_BOX_PROJECTION UNITY_SPECCUBE_BLENDING ok=1
Cmd: compileSnippet
  api=1 type=0 insize=10395 outsize=628 kw=POINT_COOKIE pd=UNITY_ENABLE_REFLECTION_BUFFERS UNITY_PBS_USE_BRDF1 UNITY_SPECCUBE_BOX_PROJECTION UNITY_SPECCUBE_BLENDING ok=1
Cmd: compileSnippet
  api=0 type=0 insize=10395 outsize=2160 kw=DIRECTIONAL_COOKIE pd=UNITY_ENABLE_REFLECTION_BUFFERS UNITY_PBS_USE_BRDF1 UNITY_SPECCUBE_BOX_PROJECTION UNITY_SPECCUBE_BLENDING SHADER_API_DESKTOP ok=1
Cmd: compileSnippet
  api=8 type=0 insize=10395 outsize=2017 kw=POINT UNITY_UI_ALPHACLIP pd=UNITY_NO_LINEAR_COLORSPACE UNITY_ENABLE_REFLECTION_BUFFERS UNITY_PBS_USE_BRDF3 ok=1
Cmd: compileSnippet
  api=8 type=0 insize=10395 outsize=2017 kw=DIRECTIONAL UNITY_UI_ALPHACLIP pd=UNITY_NO_LINEAR_COLORSPACE UNITY_ENABLE_REFLECTION_BUFFERS UNITY_PBS_USE_BRDF3 ok=1
Cmd: compileSnippet
  api=4 type=0 insize=10395 outsize=1409 kw=SPOT UNITY_UI_ALPHACLIP pd=UNITY_ENABLE_REFLECTION_BUFFERS UNITY_PBS_USE_BRDF1 UNITY_SPECCUBE_BOX_PROJECTION UNITY_SPECCUBE_BLENDING ok=1
Cmd: compileSnippet
  api=1 type=0 insize=10395 outsize=628 kw=POINT_COOKIE UNITY_UI_ALPHACLIP pd=UNITY_ENABLE_REFLECTION_BUFFERS UNITY_PBS_USE_BRDF1 UNITY_SPECCUBE_BOX_PROJECTION UNITY_SPECCUBE_BLENDING ok=1
Cmd: compileSnippet
  api=8 type=0 insize=10395 outsize=2017 kw=POINT_COOKIE UNITY_UI_ALPHACLIP pd=UNITY_NO_LINEAR_COLORSPACE UNITY_ENABLE_REFLECTION_BUFFERS UNITY_PBS_USE_BRDF3 ok=1
Cmd: compileSnippet
  api=4 type=0 insize=10395 outsize=1409 kw=DIRECTIONAL_COOKIE UNITY_UI_ALPHACLIP pd=UNITY_ENABLE_REFLECTION_BUFFERS UNITY_PBS_USE_BRDF1 UNITY_SPECCUBE_BOX_PROJECTION UNITY_SPECCUBE_BLENDING ok=1
Cmd: compileSnippet
  api=8 type=1 insize=10395 outsize=1925 kw=POINT pd=UNITY_NO_LINEAR_COLORSPACE UNITY_ENABLE_REFLECTION_BUFFERS UNITY_PBS_USE_BRDF3 ok=1
Cmd: compileSnippet
  api=4 type=1 insize=10395 outsize=1545 kw=SPOT pd=UNITY_ENABLE_REFLECTION_BUFFERS UNITY_PBS_USE_BRDF1 UNITY_SPECCUBE_BOX_PROJECTION UNITY_SPECCUBE_BLENDING ok=1
Cmd: compileSnippet
  api=8 type=1 insize=10395 outsize=2049 kw=POINT_COOKIE pd=UNITY_NO_LINEAR_COLORSPACE UNITY_ENABLE_REFLECTION_BUFFERS UNITY_PBS_USE_BRDF3 ok=1
Cmd: compileSnippet
  api=8 type=1 insize=10395 outsize=2049 kw=POINT UNITY_UI_ALPHACLIP pd=UNITY_NO_LINEAR_COLORSPACE UNITY_ENABLE_REFLECTION_BUFFERS UNITY_PBS_USE_BRDF3 ok=1
Cmd: compileSnippet
  api=1 type=1 insize=10395 outsize=1136 kw=SPOT UNITY_UI_ALPHACLIP pd=UNITY_ENABLE_REFLECTION_BUFFERS UNITY_PBS_USE_BRDF1 UNITY_SPECCUBE_BOX_PROJECTION UNITY_SPECCUBE_BLENDING ok=1
Cmd: compileSnippet
  api=0 type=1 insize=10395 outsize=0 kw=POINT_COOKIE UNITY_UI_ALPHACLIP pd=UNITY_ENABLE_REFLECTION_BUFFERS UNITY_PBS_USE_BRDF1 UNITY_SPECCUBE_BOX_PROJECTION UNITY_SPECCUBE_BLENDING SHADER_API_DESKTOP ok=1
Cmd: compileSnippet
  api=1 type=1 insize=10395 outsize=1068 kw=POINT_COOKIE UNITY_UI_ALPHACLIP pd=UNITY_ENABLE_REFLECTION_BUFFERS UNITY_PBS_USE_BRDF1 UNITY_SPECCUBE_BOX_PROJECTION UNITY_SPECCUBE_BLENDING ok=1
Cmd: compileSnippet
  api=4 type=1 insize=10395 outsize=1261 kw=DIRECTIONAL_COOKIE UNITY_UI_ALPHACLIP pd=UNITY_ENABLE_REFLECTION_BUFFERS UNITY_PBS_USE_BRDF1 UNITY_SPECCUBE_BOX_PROJECTION UNITY_SPECCUBE_BLENDING ok=1
Cmd: compileSnippet
  api=4 type=0 insize=17579 outsize=2209 kw=DIRECTIONAL LIGHTMAP_OFF DIRLIGHTMAP_OFF DYNAMICLIGHTMAP_OFF pd=UNITY_ENABLE_REFLECTION_BUFFERS UNITY_PBS_USE_BRDF1 UNITY_SPECCUBE_BOX_PROJECTION UNITY_SPECCUBE_BLENDING ok=1
Cmd: compileSnippet
  api=4 type=0 insize=17579 outsize=2209 kw=DIRECTIONAL LIGHTMAP_OFF DIRLIGHTMAP_OFF DYNAMICLIGHTMAP_OFF UNITY_UI_ALPHACLIP pd=UNITY_ENABLE_REFLECTION_BUFFERS UNITY_PBS_USE_BRDF1 UNITY_SPECCUBE_BOX_PROJECTION UNITY_SPECCUBE_BLENDING ok=1
Cmd: compileSnippet
  api=0 type=1 insize=17579 outsize=0 kw=DIRECTIONAL LIGHTMAP_OFF DIRLIGHTMAP_OFF DYNAMICLIGHTMAP_OFF UNITY_UI_ALPHACLIP pd=UNITY_ENABLE_REFLECTION_BUFFERS UNITY_PBS_USE_BRDF1 UNITY_SPECCUBE_BOX_PROJECTION UNITY_SPECCUBE_BLENDING SHADER_API_DESKTOP ok=1
Cmd: compileSnippet
  api=1 type=1 insize=17579 outsize=1644 kw=DIRECTIONAL LIGHTMAP_OFF DIRLIGHTMAP_OFF DYNAMICLIGHTMAP_OFF UNITY_UI_ALPHACLIP pd=UNITY_ENABLE_REFLECTION_BUFFERS UNITY_PBS_USE_BRDF1 UNITY_SPECCUBE_BOX_PROJECTION UNITY_SPECCUBE_BLENDING ok=1
Cmd: compileSnippet
  api=1 type=0 insize=14524 outsize=1192 kw=POINT pd=UNITY_ENABLE_REFLECTION_BUFFERS UNITY_PBS_USE_BRDF1 UNITY_SPECCUBE_BOX_PROJECTION UNITY_SPECCUBE_BLENDING ok=1
Cmd: compileSnippet
  api=1 type=0 insize=14524 outsize=1192 kw=DIRECTIONAL pd=UNITY_ENABLE_REFLECTION_BUFFERS UNITY_PBS_USE_BRDF1 UNITY_SPECCUBE_BOX_PROJECTION UNITY_SPECCUBE_BLENDING ok=1
Cmd: compileSnippet
  api=0 type=0 insize=14524 outsize=5042 kw=SPOT pd=UNITY_ENABLE_REFLECTION_BUFFERS UNITY_PBS_USE_BRDF1 UNITY_SPECCUBE_BOX_PROJECTION UNITY_SPECCUBE_BLENDING SHADER_API_DESKTOP ok=1
Cmd: compileSnippet
  api=4 type=0 insize=14524 outsize=2185 kw=DIRECTIONAL_COOKIE pd=UNITY_ENABLE_REFLECTION_BUFFERS UNITY_PBS_USE_BRDF1 UNITY_SPECCUBE_BOX_PROJECTION UNITY_SPECCUBE_BLENDING ok=1
Cmd: compileSnippet
  api=4 type=0 insize=14524 outsize=2185 kw=POINT UNITY_UI_ALPHACLIP pd=UNITY_ENABLE_REFLECTION_BUFFERS UNITY_PBS_USE_BRDF1 UNITY_SPECCUBE_BOX_PROJECTION UNITY_SPECCUBE_BLENDING ok=1
Cmd: compileSnippet
  api=4 type=0 insize=14524 outsize=2185 kw=DIRECTIONAL UNITY_UI_ALPHACLIP pd=UNITY_ENABLE_REFLECTION_BUFFERS UNITY_PBS_USE_BRDF1 UNITY_SPECCUBE_BOX_PROJECTION UNITY_SPECCUBE_BLENDING ok=1
Cmd: compileSnippet
  api=0 type=0 insize=14524 outsize=5170 kw=SPOT UNITY_UI_ALPHACLIP pd=UNITY_ENABLE_REFLECTION_BUFFERS UNITY_PBS_USE_BRDF1 UNITY_SPECCUBE_BOX_PROJECTION UNITY_SPECCUBE_BLENDING SHADER_API_DESKTOP ok=1
Cmd: compileSnippet
  api=4 type=0 insize=14524 outsize=2185 kw=DIRECTIONAL_COOKIE UNITY_UI_ALPHACLIP pd=UNITY_ENABLE_REFLECTION_BUFFERS UNITY_PBS_USE_BRDF1 UNITY_SPECCUBE_BOX_PROJECTION UNITY_SPECCUBE_BLENDING ok=1
Cmd: compileSnippet
  api=4 type=1 insize=14524 outsize=2617 kw=POINT pd=UNITY_ENABLE_REFLECTION_BUFFERS UNITY_PBS_USE_BRDF1 UNITY_SPECCUBE_BOX_PROJECTION UNITY_SPECCUBE_BLENDING ok=1
Cmd: compileSnippet
  api=0 type=1 insize=14524 outsize=0 kw=POINT_COOKIE pd=UNITY_ENABLE_REFLECTION_BUFFERS UNITY_PBS_USE_BRDF1 UNITY_SPECCUBE_BOX_PROJECTION UNITY_SPECCUBE_BLENDING SHADER_API_DESKTOP ok=1
Cmd: compileSnippet
  api=1 type=1 insize=14524 outsize=1936 kw=POINT_COOKIE pd=UNITY_ENABLE_REFLECTION_BUFFERS UNITY_PBS_USE_BRDF1 UNITY_SPECCUBE_BOX_PROJECTION UNITY_SPECCUBE_BLENDING ok=1
Cmd: compileSnippet
  api=0 type=1 insize=14524 outsize=0 kw=POINT UNITY_UI_ALPHACLIP pd=UNITY_ENABLE_REFLECTION_BUFFERS UNITY_PBS_USE_BRDF1 UNITY_SPECCUBE_BOX_PROJECTION UNITY_SPECCUBE_BLENDING SHADER_API_DESKTOP ok=1
Cmd: compileSnippet
  api=1 type=1 insize=14524 outsize=1880 kw=POINT UNITY_UI_ALPHACLIP pd=UNITY_ENABLE_REFLECTION_BUFFERS UNITY_PBS_USE_BRDF1 UNITY_SPECCUBE_BOX_PROJECTION UNITY_SPECCUBE_BLENDING ok=1
Cmd: compileSnippet
  api=0 type=1 insize=14524 outsize=0 kw=SPOT UNITY_UI_ALPHACLIP pd=UNITY_ENABLE_REFLECTION_BUFFERS UNITY_PBS_USE_BRDF1 UNITY_SPECCUBE_BOX_PROJECTION UNITY_SPECCUBE_BLENDING SHADER_API_DESKTOP ok=1
Cmd: compileSnippet
  api=1 type=1 insize=14524 outsize=2044 kw=SPOT UNITY_UI_ALPHACLIP pd=UNITY_ENABLE_REFLECTION_BUFFERS UNITY_PBS_USE_BRDF1 UNITY_SPECCUBE_BOX_PROJECTION UNITY_SPECCUBE_BLENDING ok=1
Cmd: compileSnippet
  api=0 type=1 insize=14524 outsize=0 kw=DIRECTIONAL_COOKIE UNITY_UI_ALPHACLIP pd=UNITY_ENABLE_REFLECTION_BUFFERS UNITY_PBS_USE_BRDF1 UNITY_SPECCUBE_BOX_PROJECTION UNITY_SPECCUBE_BLENDING SHADER_API_DESKTOP ok=1
Cmd: compileSnippet
  api=1 type=1 insize=14524 outsize=1820 kw=DIRECTIONAL_COOKIE UNITY_UI_ALPHACLIP pd=UNITY_ENABLE_REFLECTION_BUFFERS UNITY_PBS_USE_BRDF1 UNITY_SPECCUBE_BOX_PROJECTION UNITY_SPECCUBE_BLENDING ok=1
